26
45
1
1
1
1
1
1
1
1
1
1
1
1
1
1
1
1
1
1
1
1
1
1
1
1
1
1
4 1 9 (3488.000000 -1600.000000 2848.000000) (3488.000000 -4096.000000 2848.000000) (2976.000000 -4096.000000 2848.000000) (2976.000000 -1600.000000 2848.000000) 
4 1 6 (3488.000000 1632.000000 2848.000000) (3488.000000 -1600.000000 2848.000000) (2976.000000 -1600.000000 2848.000000) (2976.000000 1632.000000 2848.000000) 
4 1 4 (3488.000000 4096.000000 2848.000000) (3488.000000 1632.000000 2848.000000) (2976.000000 1632.000000 2848.000000) (2976.000000 4096.000000 2848.000000) 
4 2 9 (2944.000000 -1600.000000 2848.000000) (2944.000000 -4032.000000 2848.000000) (-3104.000000 -4032.000000 2848.000000) (-3104.000000 -1600.000000 2848.000000) 
4 2 7 (2944.000000 4064.000000 2848.000000) (2944.000000 -1600.000000 2848.000000) (-3104.000000 -1600.000000 2848.000000) (-3104.000000 4064.000000 2848.000000) 
4 2 3 (-3104.000000 4064.000000 2848.000000) (-3104.000000 -4032.000000 2848.000000) (-3104.000000 -4032.000000 3360.000000) (-3104.000000 4064.000000 3360.000000) 
4 3 9 (-3104.000000 -1600.000000 2848.000000) (-3104.000000 -4096.000000 2848.000000) (-3520.000000 -4096.000000 2848.000000) (-3520.000000 -1600.000000 2848.000000) 
4 3 7 (-3104.000000 4096.000000 2848.000000) (-3104.000000 -1600.000000 2848.000000) (-3520.000000 -1600.000000 2848.000000) (-3520.000000 4096.000000 2848.000000) 
4 4 7 (2944.000000 1632.000000 0.000000) (2944.000000 1632.000000 2848.000000) (2944.000000 4128.000000 2848.000000) (2944.000000 4128.000000 0.000000) 
4 4 6 (3488.000000 1632.000000 2848.000000) (2976.000000 1632.000000 2848.000000) (2976.000000 1632.000000 0.000000) (3488.000000 1632.000000 0.000000) 
4 4 5 (2944.000000 4096.000000 0.000000) (2944.000000 4128.000000 0.000000) (3552.000000 4128.000000 0.000000) (3552.000000 4096.000000 0.000000) 
4 5 14 (3552.000000 4128.000000 -32.000000) (3552.000000 4096.000000 -32.000000) (2944.000000 4096.000000 -32.000000) (2944.000000 4128.000000 -32.000000) 
4 5 8 (2944.000000 4128.000000 -32.000000) (2944.000000 4096.000000 -32.000000) (2944.000000 4096.000000 0.000000) (2944.000000 4128.000000 0.000000) 
4 6 9 (3488.000000 -1600.000000 0.000000) (3488.000000 -1600.000000 2848.000000) (2976.000000 -1600.000000 2848.000000) (2976.000000 -1600.000000 0.000000) 
4 7 10 (-3520.000000 1632.000000 2848.000000) (-3520.000000 4128.000000 2848.000000) (-3520.000000 4128.000000 0.000000) (-3520.000000 1632.000000 0.000000) 
4 7 9 (2944.000000 -1600.000000 0.000000) (2944.000000 -1600.000000 2848.000000) (-3520.000000 -1600.000000 2848.000000) (-3520.000000 -1600.000000 0.000000) 
4 7 8 (-3520.000000 4096.000000 0.000000) (-3520.000000 4128.000000 0.000000) (2944.000000 4128.000000 0.000000) (2944.000000 4096.000000 0.000000) 
4 8 14 (-3520.000000 4096.000000 -32.000000) (-3520.000000 4128.000000 -32.000000) (2944.000000 4128.000000 -32.000000) (2944.000000 4096.000000 -32.000000) 
4 8 11 (-3520.000000 4128.000000 -32.000000) (-3520.000000 4096.000000 -32.000000) (-3520.000000 4096.000000 0.000000) (-3520.000000 4128.000000 0.000000) 
4 9 13 (-3520.000000 -4096.000000 0.000000) (-3520.000000 -4096.000000 2848.000000) (-3520.000000 -1600.000000 2848.000000) (-3520.000000 -1600.000000 0.000000) 
4 10 11 (-4000.000000 4096.000000 0.000000) (-4000.000000 4128.000000 0.000000) (-3520.000000 4128.000000 0.000000) (-3520.000000 4096.000000 0.000000) 
4 10 12 (-4000.000000 1632.000000 0.000000) (-4000.000000 1632.000000 2848.000000) (-4000.000000 4128.000000 2848.000000) (-4000.000000 4128.000000 0.000000) 
4 11 14 (-3520.000000 4128.000000 -32.000000) (-3520.000000 4096.000000 -32.000000) (-4000.000000 4096.000000 -32.000000) (-4000.000000 4128.000000 -32.000000) 
4 11 12 (-4000.000000 4128.000000 -32.000000) (-4000.000000 4096.000000 -32.000000) (-4000.000000 4096.000000 0.000000) (-4000.000000 4128.000000 0.000000) 
4 12 14 (-4000.000000 1632.000000 -32.000000) (-4032.000000 1632.000000 -32.000000) (-4032.000000 4128.000000 -32.000000) (-4000.000000 4128.000000 -32.000000) 
4 14 21 (2944.000000 1632.000000 -3136.000000) (-3104.000000 1632.000000 -3136.000000) (-3104.000000 4064.000000 -3136.000000) (2944.000000 4064.000000 -3136.000000) 
4 14 22 (-3104.000000 1632.000000 -3136.000000) (-3520.000000 1632.000000 -3136.000000) (-3520.000000 4064.000000 -3136.000000) (-3104.000000 4064.000000 -3136.000000) 
4 14 20 (-3520.000000 4064.000000 -3136.000000) (-3520.000000 4096.000000 -3136.000000) (-3104.000000 4096.000000 -3136.000000) (-3104.000000 4064.000000 -3136.000000) 
4 14 18 (3488.000000 1632.000000 -3136.000000) (2976.000000 1632.000000 -3136.000000) (2976.000000 4096.000000 -3136.000000) (3488.000000 4096.000000 -3136.000000) 
4 14 16 (2944.000000 1632.000000 -32.000000) (-3520.000000 1632.000000 -32.000000) (-3520.000000 1632.000000 -3136.000000) (2944.000000 1632.000000 -3136.000000) 
4 14 15 (3488.000000 1632.000000 -32.000000) (2976.000000 1632.000000 -32.000000) (2976.000000 1632.000000 -3136.000000) (3488.000000 1632.000000 -3136.000000) 
4 15 18 (2976.000000 1632.000000 -3136.000000) (3488.000000 1632.000000 -3136.000000) (3488.000000 -1600.000000 -3136.000000) (2976.000000 -1600.000000 -3136.000000) 
4 15 17 (2976.000000 -1600.000000 -3136.000000) (3488.000000 -1600.000000 -3136.000000) (3488.000000 -1600.000000 -32.000000) (2976.000000 -1600.000000 -32.000000) 
4 16 21 (-3104.000000 1632.000000 -3136.000000) (2944.000000 1632.000000 -3136.000000) (2944.000000 -1600.000000 -3136.000000) (-3104.000000 -1600.000000 -3136.000000) 
4 16 22 (-3520.000000 1632.000000 -3136.000000) (-3104.000000 1632.000000 -3136.000000) (-3104.000000 -1600.000000 -3136.000000) (-3520.000000 -1600.000000 -3136.000000) 
4 16 17 (-3520.000000 -1600.000000 -3136.000000) (2944.000000 -1600.000000 -3136.000000) (2944.000000 -1600.000000 -32.000000) (-3520.000000 -1600.000000 -32.000000) 
4 17 21 (-3104.000000 -1600.000000 -3136.000000) (2944.000000 -1600.000000 -3136.000000) (2944.000000 -4032.000000 -3136.000000) (-3104.000000 -4032.000000 -3136.000000) 
4 17 22 (-3520.000000 -1600.000000 -3136.000000) (-3104.000000 -1600.000000 -3136.000000) (-3104.000000 -4096.000000 -3136.000000) (-3520.000000 -4096.000000 -3136.000000) 
4 17 18 (2976.000000 -1600.000000 -3136.000000) (3488.000000 -1600.000000 -3136.000000) (3488.000000 -4096.000000 -3136.000000) (2976.000000 -4096.000000 -3136.000000) 
4 19 24 (2944.000000 4064.000000 -4032.000000) (2944.000000 -4096.000000 -4032.000000) (2944.000000 -4096.000000 -3616.000000) (2944.000000 4064.000000 -3616.000000) 
4 20 22 (-3104.000000 4064.000000 -3136.000000) (-3520.000000 4064.000000 -3136.000000) (-3520.000000 4064.000000 -3552.000000) (-3104.000000 4064.000000 -3552.000000) 
4 21 23 (-3104.000000 4064.000000 -3552.000000) (2944.000000 4064.000000 -3552.000000) (2944.000000 -4032.000000 -3552.000000) (-3104.000000 -4032.000000 -3552.000000) 
4 21 22 (-3104.000000 4064.000000 -3136.000000) (-3104.000000 4064.000000 -3552.000000) (-3104.000000 -4032.000000 -3552.000000) (-3104.000000 -4032.000000 -3136.000000) 
4 22 23 (-3136.000000 4064.000000 -3552.000000) (-3104.000000 4064.000000 -3552.000000) (-3104.000000 -4032.000000 -3552.000000) (-3136.000000 -4032.000000 -3552.000000) 
4 24 25 (-3520.000000 4064.000000 -3616.000000) (-3520.000000 4064.000000 -4032.000000) (-3520.000000 -4096.000000 -4032.000000) (-3520.000000 -4096.000000 -3616.000000) 
